{"meta": {"format": 3, "version": "7.10.7", "timestamp": "2025-10-02T22:08:00.859871", "branch_coverage": false, "show_contexts": false}, "files": {"src/__init__.py": {"executed_lines": [1, 13, 14], "summary": {"covered_lines": 2, "num_statements": 2, "percent_covered": 100.0, "percent_covered_display": "100", "missing_lines": 0, "excluded_lines": 0}, "missing_lines": [], "excluded_lines": [], "functions": {"": {"executed_lines": [1, 13, 14], "summary": {"covered_lines": 2, "num_statements": 2, "percent_covered": 100.0, "percent_covered_display": "100", "missing_lines": 0, "excluded_lines": 0}, "missing_lines": [], "excluded_lines": []}}, "classes": {"": {"executed_lines": [1, 13, 14], "summary": {"covered_lines": 2, "num_statements": 2, "percent_covered": 100.0, "percent_covered_display": "100", "missing_lines": 0, "excluded_lines": 0}, "missing_lines": [], "excluded_lines": []}}}, "src/core/__init__.py": {"executed_lines": [1], "summary": {"covered_lines": 0, "num_statements": 0, "percent_covered": 100.0, "percent_covered_display": "100", "missing_lines": 0, "excluded_lines": 0}, "missing_lines": [], "excluded_lines": [], "functions": {"": {"executed_lines": [1], "summary": {"covered_lines": 0, "num_statements": 0, "percent_covered": 100.0, "percent_covered_display": "100", "missing_lines": 0, "excluded_lines": 0}, "missing_lines": [], "excluded_lines": []}}, "classes": {"": {"executed_lines": [1], "summary": {"covered_lines": 0, "num_statements": 0, "percent_covered": 100.0, "percent_covered_display": "100", "missing_lines": 0, "excluded_lines": 0}, "missing_lines": [], "excluded_lines": []}}}, "src/core/domain/__init__.py": {"executed_lines": [1], "summary": {"covered_lines": 0, "num_statements": 0, "percent_covered": 100.0, "percent_covered_display": "100", "missing_lines": 0, "excluded_lines": 0}, "missing_lines": [], "excluded_lines": [], "functions": {"": {"executed_lines": [1], "summary": {"covered_lines": 0, "num_statements": 0, "percent_covered": 100.0, "percent_covered_display": "100", "missing_lines": 0, "excluded_lines": 0}, "missing_lines": [], "excluded_lines": []}}, "classes": {"": {"executed_lines": [1], "summary": {"covered_lines": 0, "num_statements": 0, "percent_covered": 100.0, "percent_covered_display": "100", "missing_lines": 0, "excluded_lines": 0}, "missing_lines": [], "excluded_lines": []}}}, "src/core/domain/models/__init__.py": {"executed_lines": [1, 8, 9, 10, 12], "summary": {"covered_lines": 4, "num_statements": 4, "percent_covered": 100.0, "percent_covered_display": "100", "missing_lines": 0, "excluded_lines": 0}, "missing_lines": [], "excluded_lines": [], "functions": {"": {"executed_lines": [1, 8, 9, 10, 12], "summary": {"covered_lines": 4, "num_statements": 4, "percent_covered": 100.0, "percent_covered_display": "100", "missing_lines": 0, "excluded_lines": 0}, "missing_lines": [], "excluded_lines": []}}, "classes": {"": {"executed_lines": [1, 8, 9, 10, 12], "summary": {"covered_lines": 4, "num_statements": 4, "percent_covered": 100.0, "percent_covered_display": "100", "missing_lines": 0, "excluded_lines": 0}, "missing_lines": [], "excluded_lines": []}}}, "src/core/domain/models/post.py": {"executed_lines": [1, 14, 15, 18, 19, 20, 35, 36, 37, 38, 39, 40, 41, 44, 45, 46, 85, 86, 87, 88, 89, 90, 91, 92, 93, 94, 95, 96, 98, 99, 117, 118], "summary": {"covered_lines": 29, "num_statements": 29, "percent_covered": 100.0, "percent_covered_display": "100", "missing_lines": 0, "excluded_lines": 0}, "missing_lines": [], "excluded_lines": [], "functions": {"PostDetail.engagement_rate": {"executed_lines": [117, 118], "summary": {"covered_lines": 2, "num_statements": 2, "percent_covered": 100.0, "percent_covered_display": "100", "missing_lines": 0, "excluded_lines": 0}, "missing_lines": [], "excluded_lines": []}, "": {"executed_lines": [1, 14, 15, 18, 19, 20, 35, 36, 37, 38, 39, 40, 41, 44, 45, 46, 85, 86, 87, 88, 89, 90, 91, 92, 93, 94, 95, 96, 98, 99], "summary": {"covered_lines": 27, "num_statements": 27, "percent_covered": 100.0, "percent_covered_display": "100", "missing_lines": 0, "excluded_lines": 0}, "missing_lines": [], "excluded_lines": []}}, "classes": {"Post": {"executed_lines": [], "summary": {"covered_lines": 0, "num_statements": 0, "percent_covered": 100.0, "percent_covered_display": "100", "missing_lines": 0, "excluded_lines": 0}, "missing_lines": [], "excluded_lines": []}, "PostDetail": {"executed_lines": [117, 118], "summary": {"covered_lines": 2, "num_statements": 2, "percent_covered": 100.0, "percent_covered_display": "100", "missing_lines": 0, "excluded_lines": 0}, "missing_lines": [], "excluded_lines": []}, "": {"executed_lines": [1, 14, 15, 18, 19, 20, 35, 36, 37, 38, 39, 40, 41, 44, 45, 46, 85, 86, 87, 88, 89, 90, 91, 92, 93, 94, 95, 96, 98, 99], "summary": {"covered_lines": 27, "num_statements": 27, "percent_covered": 100.0, "percent_covered_display": "100", "missing_lines": 0, "excluded_lines": 0}, "missing_lines": [], "excluded_lines": []}}}, "src/core/domain/models/travel.py": {"executed_lines": [1, 13, 14, 15, 18, 19, 20, 34, 35, 36, 37, 38, 39, 42, 43, 44, 64, 65, 66, 68, 69, 74, 75, 76, 87, 88, 89, 91, 92, 97, 98, 99, 113, 114, 115, 116, 117, 118, 119, 120, 122, 123, 133, 134, 135, 148, 149, 150, 151, 152, 153, 154, 157, 158, 159, 173, 174, 175, 176, 177, 178, 180, 181, 188, 198, 199, 200, 217, 218, 219, 220, 221, 222, 223, 224, 225, 227, 228, 232, 233, 237, 238], "summary": {"covered_lines": 74, "num_statements": 80, "percent_covered": 92.5, "percent_covered_display": "92", "missing_lines": 6, "excluded_lines": 0}, "missing_lines": [71, 94, 130, 230, 235, 240], "excluded_lines": [], "functions": {"DayPlan.total_duration": {"executed_lines": [], "summary": {"covered_lines": 0, "num_statements": 1, "percent_covered": 0.0, "percent_covered_display": "0", "missing_lines": 1, "excluded_lines": 0}, "missing_lines": [71], "excluded_lines": []}, "Itinerary.total_activities": {"executed_lines": [], "summary": {"covered_lines": 0, "num_statements": 1, "percent_covered": 0.0, "percent_covered_display": "0", "missing_lines": 1, "excluded_lines": 0}, "missing_lines": [94], "excluded_lines": []}, "Attraction.popularity_score": {"executed_lines": [], "summary": {"covered_lines": 0, "num_statements": 1, "percent_covered": 0.0, "percent_covered_display": "0", "missing_lines": 1, "excluded_lines": 0}, "missing_lines": [130], "excluded_lines": []}, "Budget.total": {"executed_lines": [188], "summary": {"covered_lines": 1, "num_statements": 1, "percent_covered": 100.0, "percent_covered_display": "100", "missing_lines": 0, "excluded_lines": 0}, "missing_lines": [], "excluded_lines": []}, "TravelPlan.is_draft": {"executed_lines": [], "summary": {"covered_lines": 0, "num_statements": 1, "percent_covered": 0.0, "percent_covered_display": "0", "missing_lines": 1, "excluded_lines": 0}, "missing_lines": [230], "excluded_lines": []}, "TravelPlan.is_confirmed": {"executed_lines": [], "summary": {"covered_lines": 0, "num_statements": 1, "percent_covered": 0.0, "percent_covered_display": "0", "missing_lines": 1, "excluded_lines": 0}, "missing_lines": [235], "excluded_lines": []}, "TravelPlan.total_cost": {"executed_lines": [], "summary": {"covered_lines": 0, "num_statements": 1, "percent_covered": 0.0, "percent_covered_display": "0", "missing_lines": 1, "excluded_lines": 0}, "missing_lines": [240], "excluded_lines": []}, "": {"executed_lines": [1, 13, 14, 15, 18, 19, 20, 34, 35, 36, 37, 38, 39, 42, 43, 44, 64, 65, 66, 68, 69, 74, 75, 76, 87, 88, 89, 91, 92, 97, 98, 99, 113, 114, 115, 116, 117, 118, 119, 120, 122, 123, 133, 134, 135, 148, 149, 150, 151, 152, 153, 154, 157, 158, 159, 173, 174, 175, 176, 177, 178, 180, 181, 198, 199, 200, 217, 218, 219, 220, 221, 222, 223, 224, 225, 227, 228, 232, 233, 237, 238], "summary": {"covered_lines": 73, "num_statements": 73, "percent_covered": 100.0, "percent_covered_display": "100", "missing_lines": 0, "excluded_lines": 0}, "missing_lines": [], "excluded_lines": []}}, "classes": {"Activity": {"executed_lines": [], "summary": {"covered_lines": 0, "num_statements": 0, "percent_covered": 100.0, "percent_covered_display": "100", "missing_lines": 0, "excluded_lines": 0}, "missing_lines": [], "excluded_lines": []}, "DayPlan": {"executed_lines": [], "summary": {"covered_lines": 0, "num_statements": 1, "percent_covered": 0.0, "percent_covered_display": "0", "missing_lines": 1, "excluded_lines": 0}, "missing_lines": [71], "excluded_lines": []}, "Itinerary": {"executed_lines": [], "summary": {"covered_lines": 0, "num_statements": 1, "percent_covered": 0.0, "percent_covered_display": "0", "missing_lines": 1, "excluded_lines": 0}, "missing_lines": [94], "excluded_lines": []}, "Attraction": {"executed_lines": [], "summary": {"covered_lines": 0, "num_statements": 1, "percent_covered": 0.0, "percent_covered_display": "0", "missing_lines": 1, "excluded_lines": 0}, "missing_lines": [130], "excluded_lines": []}, "Restaurant": {"executed_lines": [], "summary": {"covered_lines": 0, "num_statements": 0, "percent_covered": 100.0, "percent_covered_display": "100", "missing_lines": 0, "excluded_lines": 0}, "missing_lines": [], "excluded_lines": []}, "Budget": {"executed_lines": [188], "summary": {"covered_lines": 1, "num_statements": 1, "percent_covered": 100.0, "percent_covered_display": "100", "missing_lines": 0, "excluded_lines": 0}, "missing_lines": [], "excluded_lines": []}, "TravelPlan": {"executed_lines": [], "summary": {"covered_lines": 0, "num_statements": 3, "percent_covered": 0.0, "percent_covered_display": "0", "missing_lines": 3, "excluded_lines": 0}, "missing_lines": [230, 235, 240], "excluded_lines": []}, "": {"executed_lines": [1, 13, 14, 15, 18, 19, 20, 34, 35, 36, 37, 38, 39, 42, 43, 44, 64, 65, 66, 68, 69, 74, 75, 76, 87, 88, 89, 91, 92, 97, 98, 99, 113, 114, 115, 116, 117, 118, 119, 120, 122, 123, 133, 134, 135, 148, 149, 150, 151, 152, 153, 154, 157, 158, 159, 173, 174, 175, 176, 177, 178, 180, 181, 198, 199, 200, 217, 218, 219, 220, 221, 222, 223, 224, 225, 227, 228, 232, 233, 237, 238], "summary": {"covered_lines": 73, "num_statements": 73, "percent_covered": 100.0, "percent_covered_display": "100", "missing_lines": 0, "excluded_lines": 0}, "missing_lines": [], "excluded_lines": []}}}, "src/core/domain/models/user.py": {"executed_lines": [1, 11, 12, 15, 16, 17, 50, 51, 52, 53, 54, 55, 56, 57, 58, 60, 61, 93, 100, 101, 103], "summary": {"covered_lines": 19, "num_statements": 19, "percent_covered": 100.0, "percent_covered_display": "100", "missing_lines": 0, "excluded_lines": 0}, "missing_lines": [], "excluded_lines": [], "functions": {"UserProfile.influence_score": {"executed_lines": [93, 100, 101, 103], "summary": {"covered_lines": 4, "num_statements": 4, "percent_covered": 100.0, "percent_covered_display": "100", "missing_lines": 0, "excluded_lines": 0}, "missing_lines": [], "excluded_lines": []}, "": {"executed_lines": [1, 11, 12, 15, 16, 17, 50, 51, 52, 53, 54, 55, 56, 57, 58, 60, 61], "summary": {"covered_lines": 15, "num_statements": 15, "percent_covered": 100.0, "percent_covered_display": "100", "missing_lines": 0, "excluded_lines": 0}, "missing_lines": [], "excluded_lines": []}}, "classes": {"UserProfile": {"executed_lines": [93, 100, 101, 103], "summary": {"covered_lines": 4, "num_statements": 4, "percent_covered": 100.0, "percent_covered_display": "100", "missing_lines": 0, "excluded_lines": 0}, "missing_lines": [], "excluded_lines": []}, "": {"executed_lines": [1, 11, 12, 15, 16, 17, 50, 51, 52, 53, 54, 55, 56, 57, 58, 60, 61], "summary": {"covered_lines": 15, "num_statements": 15, "percent_covered": 100.0, "percent_covered_display": "100", "missing_lines": 0, "excluded_lines": 0}, "missing_lines": [], "excluded_lines": []}}}, "src/core/repositories/__init__.py": {"executed_lines": [1, 5, 6, 8], "summary": {"covered_lines": 3, "num_statements": 3, "percent_covered": 100.0, "percent_covered_display": "100", "missing_lines": 0, "excluded_lines": 0}, "missing_lines": [], "excluded_lines": [], "functions": {"": {"executed_lines": [1, 5, 6, 8], "summary": {"covered_lines": 3, "num_statements": 3, "percent_covered": 100.0, "percent_covered_display": "100", "missing_lines": 0, "excluded_lines": 0}, "missing_lines": [], "excluded_lines": []}}, "classes": {"": {"executed_lines": [1, 5, 6, 8], "summary": {"covered_lines": 3, "num_statements": 3, "percent_covered": 100.0, "percent_covered_display": "100", "missing_lines": 0, "excluded_lines": 0}, "missing_lines": [], "excluded_lines": []}}}, "src/core/repositories/post_repository.py": {"executed_lines": [1, 13, 14, 16, 19, 20, 32, 47, 59, 82, 104, 117, 118, 140, 142, 144, 154, 155, 157, 169, 171, 191, 195, 197, 217, 223, 225, 227, 239, 240, 241, 242], "summary": {"covered_lines": 29, "num_statements": 29, "percent_covered": 100.0, "percent_covered_display": "100", "missing_lines": 0, "excluded_lines": 11}, "missing_lines": [], "excluded_lines": [45, 46, 57, 58, 80, 81, 102, 103, 114, 115, 116], "functions": {"PostRepository.save": {"executed_lines": [], "summary": {"covered_lines": 0, "num_statements": 0, "percent_covered": 100.0, "percent_covered_display": "100", "missing_lines": 0, "excluded_lines": 1}, "missing_lines": [], "excluded_lines": [45]}, "PostRepository.find_by_id": {"executed_lines": [], "summary": {"covered_lines": 0, "num_statements": 0, "percent_covered": 100.0, "percent_covered_display": "100", "missing_lines": 0, "excluded_lines": 1}, "missing_lines": [], "excluded_lines": [57]}, "PostRepository.find_by_destination": {"executed_lines": [], "summary": {"covered_lines": 0, "num_statements": 0, "percent_covered": 100.0, "percent_covered_display": "100", "missing_lines": 0, "excluded_lines": 1}, "missing_lines": [], "excluded_lines": [80]}, "PostRepository.find_high_quality": {"executed_lines": [], "summary": {"covered_lines": 0, "num_statements": 0, "percent_covered": 100.0, "percent_covered_display": "100", "missing_lines": 0, "excluded_lines": 1}, "missing_lines": [], "excluded_lines": [102]}, "PostRepository.delete": {"executed_lines": [], "summary": {"covered_lines": 0, "num_statements": 0, "percent_covered": 100.0, "percent_covered_display": "100", "missing_lines": 0, "excluded_lines": 1}, "missing_lines": [], "excluded_lines": [114]}, "InMemoryPostRepository.__init__": {"executed_lines": [142], "summary": {"covered_lines": 1, "num_statements": 1, "percent_covered": 100.0, "percent_covered_display": "100", "missing_lines": 0, "excluded_lines": 0}, "missing_lines": [], "excluded_lines": []}, "InMemoryPostRepository.save": {"executed_lines": [154, 155], "summary": {"covered_lines": 2, "num_statements": 2, "percent_covered": 100.0, "percent_covered_display": "100", "missing_lines": 0, "excluded_lines": 0}, "missing_lines": [], "excluded_lines": []}, "InMemoryPostRepository.find_by_id": {"executed_lines": [169], "summary": {"covered_lines": 1, "num_statements": 1, "percent_covered": 100.0, "percent_covered_display": "100", "missing_lines": 0, "excluded_lines": 0}, "missing_lines": [], "excluded_lines": []}, "InMemoryPostRepository.find_by_destination": {"executed_lines": [191, 195], "summary": {"covered_lines": 2, "num_statements": 2, "percent_covered": 100.0, "percent_covered_display": "100", "missing_lines": 0, "excluded_lines": 0}, "missing_lines": [], "excluded_lines": []}, "InMemoryPostRepository.find_high_quality": {"executed_lines": [217, 223, 225], "summary": {"covered_lines": 3, "num_statements": 3, "percent_covered": 100.0, "percent_covered_display": "100", "missing_lines": 0, "excluded_lines": 0}, "missing_lines": [], "excluded_lines": []}, "InMemoryPostRepository.delete": {"executed_lines": [239, 240, 241, 242], "summary": {"covered_lines": 4, "num_statements": 4, "percent_covered": 100.0, "percent_covered_display": "100", "missing_lines": 0, "excluded_lines": 0}, "missing_lines": [], "excluded_lines": []}, "": {"executed_lines": [1, 13, 14, 16, 19, 20, 32, 47, 59, 82, 104, 117, 118, 140, 144, 157, 171, 197, 227], "summary": {"covered_lines": 16, "num_statements": 16, "percent_covered": 100.0, "percent_covered_display": "100", "missing_lines": 0, "excluded_lines": 6}, "missing_lines": [], "excluded_lines": [46, 58, 81, 103, 115, 116]}}, "classes": {"PostRepository": {"executed_lines": [], "summary": {"covered_lines": 0, "num_statements": 0, "percent_covered": 100.0, "percent_covered_display": "100", "missing_lines": 0, "excluded_lines": 5}, "missing_lines": [], "excluded_lines": [45, 57, 80, 102, 114]}, "InMemoryPostRepository": {"executed_lines": [142, 154, 155, 169, 191, 195, 217, 223, 225, 239, 240, 241, 242], "summary": {"covered_lines": 13, "num_statements": 13, "percent_covered": 100.0, "percent_covered_display": "100", "missing_lines": 0, "excluded_lines": 0}, "missing_lines": [], "excluded_lines": []}, "": {"executed_lines": [1, 13, 14, 16, 19, 20, 32, 47, 59, 82, 104, 117, 118, 140, 144, 157, 171, 197, 227], "summary": {"covered_lines": 16, "num_statements": 16, "percent_covered": 100.0, "percent_covered_display": "100", "missing_lines": 0, "excluded_lines": 6}, "missing_lines": [], "excluded_lines": [46, 58, 81, 103, 115, 116]}}}, "src/core/repositories/travel_repository.py": {"executed_lines": [1, 5, 6, 8, 11, 12, 14, 18, 22, 30, 38, 43, 44, 46, 49, 54, 58, 75, 91], "summary": {"covered_lines": 16, "num_statements": 30, "percent_covered": 53.333333333333336, "percent_covered_display": "53", "missing_lines": 14, "excluded_lines": 11}, "missing_lines": [47, 51, 52, 56, 64, 69, 73, 81, 85, 89, 93, 94, 95, 96], "excluded_lines": [16, 17, 20, 21, 28, 29, 36, 37, 40, 41, 42], "functions": {"TravelPlanRepository.save": {"executed_lines": [], "summary": {"covered_lines": 0, "num_statements": 0, "percent_covered": 100.0, "percent_covered_display": "100", "missing_lines": 0, "excluded_lines": 1}, "missing_lines": [], "excluded_lines": [16]}, "TravelPlanRepository.find_by_id": {"executed_lines": [], "summary": {"covered_lines": 0, "num_statements": 0, "percent_covered": 100.0, "percent_covered_display": "100", "missing_lines": 0, "excluded_lines": 1}, "missing_lines": [], "excluded_lines": [20]}, "TravelPlanRepository.find_by_user": {"executed_lines": [], "summary": {"covered_lines": 0, "num_statements": 0, "percent_covered": 100.0, "percent_covered_display": "100", "missing_lines": 0, "excluded_lines": 1}, "missing_lines": [], "excluded_lines": [28]}, "TravelPlanRepository.find_by_destination": {"executed_lines": [], "summary": {"covered_lines": 0, "num_statements": 0, "percent_covered": 100.0, "percent_covered_display": "100", "missing_lines": 0, "excluded_lines": 1}, "missing_lines": [], "excluded_lines": [36]}, "TravelPlanRepository.delete": {"executed_lines": [], "summary": {"covered_lines": 0, "num_statements": 0, "percent_covered": 100.0, "percent_covered_display": "100", "missing_lines": 0, "excluded_lines": 1}, "missing_lines": [], "excluded_lines": [40]}, "InMemoryTravelPlanRepository.__init__": {"executed_lines": [], "summary": {"covered_lines": 0, "num_statements": 1, "percent_covered": 0.0, "percent_covered_display": "0", "missing_lines": 1, "excluded_lines": 0}, "missing_lines": [47], "excluded_lines": []}, "InMemoryTravelPlanRepository.save": {"executed_lines": [], "summary": {"covered_lines": 0, "num_statements": 2, "percent_covered": 0.0, "percent_covered_display": "0", "missing_lines": 2, "excluded_lines": 0}, "missing_lines": [51, 52], "excluded_lines": []}, "InMemoryTravelPlanRepository.find_by_id": {"executed_lines": [], "summary": {"covered_lines": 0, "num_statements": 1, "percent_covered": 0.0, "percent_covered_display": "0", "missing_lines": 1, "excluded_lines": 0}, "missing_lines": [56], "excluded_lines": []}, "InMemoryTravelPlanRepository.find_by_user": {"executed_lines": [], "summary": {"covered_lines": 0, "num_statements": 3, "percent_covered": 0.0, "percent_covered_display": "0", "missing_lines": 3, "excluded_lines": 0}, "missing_lines": [64, 69, 73], "excluded_lines": []}, "InMemoryTravelPlanRepository.find_by_destination": {"executed_lines": [], "summary": {"covered_lines": 0, "num_statements": 3, "percent_covered": 0.0, "percent_covered_display": "0", "missing_lines": 3, "excluded_lines": 0}, "missing_lines": [81, 85, 89], "excluded_lines": []}, "InMemoryTravelPlanRepository.delete": {"executed_lines": [], "summary": {"covered_lines": 0, "num_statements": 4, "percent_covered": 0.0, "percent_covered_display": "0", "missing_lines": 4, "excluded_lines": 0}, "missing_lines": [93, 94, 95, 96], "excluded_lines": []}, "": {"executed_lines": [1, 5, 6, 8, 11, 12, 14, 18, 22, 30, 38, 43, 44, 46, 49, 54, 58, 75, 91], "summary": {"covered_lines": 16, "num_statements": 16, "percent_covered": 100.0, "percent_covered_display": "100", "missing_lines": 0, "excluded_lines": 6}, "missing_lines": [], "excluded_lines": [17, 21, 29, 37, 41, 42]}}, "classes": {"TravelPlanRepository": {"executed_lines": [], "summary": {"covered_lines": 0, "num_statements": 0, "percent_covered": 100.0, "percent_covered_display": "100", "missing_lines": 0, "excluded_lines": 5}, "missing_lines": [], "excluded_lines": [16, 20, 28, 36, 40]}, "InMemoryTravelPlanRepository": {"executed_lines": [], "summary": {"covered_lines": 0, "num_statements": 14, "percent_covered": 0.0, "percent_covered_display": "0", "missing_lines": 14, "excluded_lines": 0}, "missing_lines": [47, 51, 52, 56, 64, 69, 73, 81, 85, 89, 93, 94, 95, 96], "excluded_lines": []}, "": {"executed_lines": [1, 5, 6, 8, 11, 12, 14, 18, 22, 30, 38, 43, 44, 46, 49, 54, 58, 75, 91], "summary": {"covered_lines": 16, "num_statements": 16, "percent_covered": 100.0, "percent_covered_display": "100", "missing_lines": 0, "excluded_lines": 6}, "missing_lines": [], "excluded_lines": [17, 21, 29, 37, 41, 42]}}}, "src/core/services/__init__.py": {"executed_lines": [1, 5, 6, 8], "summary": {"covered_lines": 3, "num_statements": 3, "percent_covered": 100.0, "percent_covered_display": "100", "missing_lines": 0, "excluded_lines": 0}, "missing_lines": [], "excluded_lines": [], "functions": {"": {"executed_lines": [1, 5, 6, 8], "summary": {"covered_lines": 3, "num_statements": 3, "percent_covered": 100.0, "percent_covered_display": "100", "missing_lines": 0, "excluded_lines": 0}, "missing_lines": [], "excluded_lines": []}}, "classes": {"": {"executed_lines": [1, 5, 6, 8], "summary": {"covered_lines": 3, "num_statements": 3, "percent_covered": 100.0, "percent_covered_display": "100", "missing_lines": 0, "excluded_lines": 0}, "missing_lines": [], "excluded_lines": []}}}, "src/core/services/guide_collector.py": {"executed_lines": [1, 5, 6, 7, 8, 9, 11, 12, 13, 16, 19, 20, 22, 38, 39, 40, 41, 43, 58, 61, 64, 73, 74, 77, 79, 80, 82, 83, 84, 86, 88, 91, 92, 93, 95, 96, 99, 100, 101, 102, 103, 106, 120, 122, 124, 139, 145, 147, 152], "summary": {"covered_lines": 47, "num_statements": 47, "percent_covered": 100.0, "percent_covered_display": "100", "missing_lines": 0, "excluded_lines": 0}, "missing_lines": [], "excluded_lines": [], "functions": {"GuideCollectorService.__init__": {"executed_lines": [38, 39, 40, 41], "summary": {"covered_lines": 4, "num_statements": 4, "percent_covered": 100.0, "percent_covered_display": "100", "missing_lines": 0, "excluded_lines": 0}, "missing_lines": [], "excluded_lines": []}, "GuideCollectorService.collect_guides": {"executed_lines": [58, 61, 64, 73, 74, 77, 79, 80, 82, 83, 84], "summary": {"covered_lines": 11, "num_statements": 11, "percent_covered": 100.0, "percent_covered_display": "100", "missing_lines": 0, "excluded_lines": 0}, "missing_lines": [], "excluded_lines": []}, "GuideCollectorService._load_collected_posts": {"executed_lines": [88, 91, 92, 93, 95, 96, 99, 100, 101, 102, 103, 106, 120, 122], "summary": {"covered_lines": 14, "num_statements": 14, "percent_covered": 100.0, "percent_covered_display": "100", "missing_lines": 0, "excluded_lines": 0}, "missing_lines": [], "excluded_lines": []}, "GuideCollectorService.filter_high_quality_guides": {"executed_lines": [139, 145, 147, 152], "summary": {"covered_lines": 4, "num_statements": 4, "percent_covered": 100.0, "percent_covered_display": "100", "missing_lines": 0, "excluded_lines": 0}, "missing_lines": [], "excluded_lines": []}, "": {"executed_lines": [1, 5, 6, 7, 8, 9, 11, 12, 13, 16, 19, 20, 22, 43, 86, 124], "summary": {"covered_lines": 14, "num_statements": 14, "percent_covered": 100.0, "percent_covered_display": "100", "missing_lines": 0, "excluded_lines": 0}, "missing_lines": [], "excluded_lines": []}}, "classes": {"GuideCollectorService": {"executed_lines": [38, 39, 40, 41, 58, 61, 64, 73, 74, 77, 79, 80, 82, 83, 84, 88, 91, 92, 93, 95, 96, 99, 100, 101, 102, 103, 106, 120, 122, 139, 145, 147, 152], "summary": {"covered_lines": 33, "num_statements": 33, "percent_covered": 100.0, "percent_covered_display": "100", "missing_lines": 0, "excluded_lines": 0}, "missing_lines": [], "excluded_lines": []}, "": {"executed_lines": [1, 5, 6, 7, 8, 9, 11, 12, 13, 16, 19, 20, 22, 43, 86, 124], "summary": {"covered_lines": 14, "num_statements": 14, "percent_covered": 100.0, "percent_covered_display": "100", "missing_lines": 0, "excluded_lines": 0}, "missing_lines": [], "excluded_lines": []}}}, "src/core/services/itinerary_generator.py": {"executed_lines": [1, 5, 6, 7, 9, 12, 13, 16, 19, 20, 22, 29, 31, 50, 53, 54, 57, 58, 60, 61, 64, 71, 76, 79, 85, 86, 88, 93, 95, 97, 98, 99, 102, 103, 105, 106, 108, 113, 115, 117, 118, 119, 122, 123, 125, 126, 128, 136, 139, 141, 142, 151, 152, 153, 162, 163, 164, 173, 174, 175, 183, 185, 190, 195, 199, 200, 202, 203], "summary": {"covered_lines": 66, "num_statements": 68, "percent_covered": 97.05882352941177, "percent_covered_display": "97", "missing_lines": 2, "excluded_lines": 0}, "missing_lines": [188, 193], "excluded_lines": [], "functions": {"ItineraryGeneratorService.__init__": {"executed_lines": [29], "summary": {"covered_lines": 1, "num_statements": 1, "percent_covered": 100.0, "percent_covered_display": "100", "missing_lines": 0, "excluded_lines": 0}, "missing_lines": [], "excluded_lines": []}, "ItineraryGeneratorService.generate_itinerary": {"executed_lines": [50, 53, 54, 57, 58, 60, 61, 64, 71, 76, 79, 85, 86], "summary": {"covered_lines": 13, "num_statements": 13, "percent_covered": 100.0, "percent_covered_display": "100", "missing_lines": 0, "excluded_lines": 0}, "missing_lines": [], "excluded_lines": []}, "ItineraryGeneratorService._extract_attractions": {"executed_lines": [93, 95, 97, 98, 99, 102, 103, 105, 106], "summary": {"covered_lines": 9, "num_statements": 9, "percent_covered": 100.0, "percent_covered_display": "100", "missing_lines": 0, "excluded_lines": 0}, "missing_lines": [], "excluded_lines": []}, "ItineraryGeneratorService._extract_restaurants": {"executed_lines": [113, 115, 117, 118, 119, 122, 123, 125, 126], "summary": {"covered_lines": 9, "num_statements": 9, "percent_covered": 100.0, "percent_covered_display": "100", "missing_lines": 0, "excluded_lines": 0}, "missing_lines": [], "excluded_lines": []}, "ItineraryGeneratorService._plan_daily_activities": {"executed_lines": [136, 139, 141, 142, 151, 152, 153, 162, 163, 164, 173, 174, 175, 183], "summary": {"covered_lines": 14, "num_statements": 14, "percent_covered": 100.0, "percent_covered_display": "100", "missing_lines": 0, "excluded_lines": 0}, "missing_lines": [], "excluded_lines": []}, "ItineraryGeneratorService._ai_extract_attractions": {"executed_lines": [], "summary": {"covered_lines": 0, "num_statements": 1, "percent_covered": 0.0, "percent_covered_display": "0", "missing_lines": 1, "excluded_lines": 0}, "missing_lines": [188], "excluded_lines": []}, "ItineraryGeneratorService._ai_extract_restaurants": {"executed_lines": [], "summary": {"covered_lines": 0, "num_statements": 1, "percent_covered": 0.0, "percent_covered_display": "0", "missing_lines": 1, "excluded_lines": 0}, "missing_lines": [193], "excluded_lines": []}, "ItineraryGeneratorService.calculate_total_cost": {"executed_lines": [199, 200, 202, 203], "summary": {"covered_lines": 4, "num_statements": 4, "percent_covered": 100.0, "percent_covered_display": "100", "missing_lines": 0, "excluded_lines": 0}, "missing_lines": [], "excluded_lines": []}, "": {"executed_lines": [1, 5, 6, 7, 9, 12, 13, 16, 19, 20, 22, 31, 88, 108, 128, 185, 190, 195], "summary": {"covered_lines": 16, "num_statements": 16, "percent_covered": 100.0, "percent_covered_display": "100", "missing_lines": 0, "excluded_lines": 0}, "missing_lines": [], "excluded_lines": []}}, "classes": {"ItineraryGeneratorService": {"executed_lines": [29, 50, 53, 54, 57, 58, 60, 61, 64, 71, 76, 79, 85, 86, 93, 95, 97, 98, 99, 102, 103, 105, 106, 113, 115, 117, 118, 119, 122, 123, 125, 126, 136, 139, 141, 142, 151, 152, 153, 162, 163, 164, 173, 174, 175, 183, 199, 200, 202, 203], "summary": {"covered_lines": 50, "num_statements": 52, "percent_covered": 96.15384615384616, "percent_covered_display": "96", "missing_lines": 2, "excluded_lines": 0}, "missing_lines": [188, 193], "excluded_lines": []}, "": {"executed_lines": [1, 5, 6, 7, 9, 12, 13, 16, 19, 20, 22, 31, 88, 108, 128, 185, 190, 195], "summary": {"covered_lines": 16, "num_statements": 16, "percent_covered": 100.0, "percent_covered_display": "100", "missing_lines": 0, "excluded_lines": 0}, "missing_lines": [], "excluded_lines": []}}}, "src/infrastructure/__init__.py": {"executed_lines": [1], "summary": {"covered_lines": 0, "num_statements": 0, "percent_covered": 100.0, "percent_covered_display": "100", "missing_lines": 0, "excluded_lines": 0}, "missing_lines": [], "excluded_lines": [], "functions": {"": {"executed_lines": [1], "summary": {"covered_lines": 0, "num_statements": 0, "percent_covered": 100.0, "percent_covered_display": "100", "missing_lines": 0, "excluded_lines": 0}, "missing_lines": [], "excluded_lines": []}}, "classes": {"": {"executed_lines": [1], "summary": {"covered_lines": 0, "num_statements": 0, "percent_covered": 100.0, "percent_covered_display": "100", "missing_lines": 0, "excluded_lines": 0}, "missing_lines": [], "excluded_lines": []}}}, "src/infrastructure/cache/__init__.py": {"executed_lines": [], "summary": {"covered_lines": 0, "num_statements": 2, "percent_covered": 0.0, "percent_covered_display": "0", "missing_lines": 2, "excluded_lines": 0}, "missing_lines": [5, 7], "excluded_lines": [], "functions": {"": {"executed_lines": [], "summary": {"covered_lines": 0, "num_statements": 2, "percent_covered": 0.0, "percent_covered_display": "0", "missing_lines": 2, "excluded_lines": 0}, "missing_lines": [5, 7], "excluded_lines": []}}, "classes": {"": {"executed_lines": [], "summary": {"covered_lines": 0, "num_statements": 2, "percent_covered": 0.0, "percent_covered_display": "0", "missing_lines": 2, "excluded_lines": 0}, "missing_lines": [5, 7], "excluded_lines": []}}}, "src/infrastructure/cache/redis_client.py": {"executed_lines": [], "summary": {"covered_lines": 0, "num_statements": 67, "percent_covered": 0.0, "percent_covered_display": "0", "missing_lines": 67, "excluded_lines": 0}, "missing_lines": [5, 6, 7, 9, 10, 13, 16, 19, 21, 23, 25, 31, 33, 35, 36, 37, 39, 49, 50, 52, 53, 54, 55, 56, 58, 75, 76, 78, 79, 80, 81, 82, 83, 85, 95, 96, 97, 98, 99, 100, 101, 102, 104, 121, 122, 123, 124, 125, 126, 128, 138, 139, 141, 142, 143, 144, 145, 146, 148, 158, 159, 161, 162, 163, 164, 165, 169], "excluded_lines": [], "functions": {"RedisClient.__init__": {"executed_lines": [], "summary": {"covered_lines": 0, "num_statements": 1, "percent_covered": 0.0, "percent_covered_display": "0", "missing_lines": 1, "excluded_lines": 0}, "missing_lines": [21], "excluded_lines": []}, "RedisClient.connect": {"executed_lines": [], "summary": {"covered_lines": 0, "num_statements": 2, "percent_covered": 0.0, "percent_covered_display": "0", "missing_lines": 2, "excluded_lines": 0}, "missing_lines": [25, 31], "excluded_lines": []}, "RedisClient.close": {"executed_lines": [], "summary": {"covered_lines": 0, "num_statements": 3, "percent_covered": 0.0, "percent_covered_display": "0", "missing_lines": 3, "excluded_lines": 0}, "missing_lines": [35, 36, 37], "excluded_lines": []}, "RedisClient.get": {"executed_lines": [], "summary": {"covered_lines": 0, "num_statements": 7, "percent_covered": 0.0, "percent_covered_display": "0", "missing_lines": 7, "excluded_lines": 0}, "missing_lines": [49, 50, 52, 53, 54, 55, 56], "excluded_lines": []}, "RedisClient.set": {"executed_lines": [], "summary": {"covered_lines": 0, "num_statements": 8, "percent_covered": 0.0, "percent_covered_display": "0", "missing_lines": 8, "excluded_lines": 0}, "missing_lines": [75, 76, 78, 79, 80, 81, 82, 83], "excluded_lines": []}, "RedisClient.get_json": {"executed_lines": [], "summary": {"covered_lines": 0, "num_statements": 8, "percent_covered": 0.0, "percent_covered_display": "0", "missing_lines": 8, "excluded_lines": 0}, "missing_lines": [95, 96, 97, 98, 99, 100, 101, 102], "excluded_lines": []}, "RedisClient.set_json": {"executed_lines": [], "summary": {"covered_lines": 0, "num_statements": 6, "percent_covered": 0.0, "percent_covered_display": "0", "missing_lines": 6, "excluded_lines": 0}, "missing_lines": [121, 122, 123, 124, 125, 126], "excluded_lines": []}, "RedisClient.delete": {"executed_lines": [], "summary": {"covered_lines": 0, "num_statements": 8, "percent_covered": 0.0, "percent_covered_display": "0", "missing_lines": 8, "excluded_lines": 0}, "missing_lines": [138, 139, 141, 142, 143, 144, 145, 146], "excluded_lines": []}, "RedisClient.exists": {"executed_lines": [], "summary": {"covered_lines": 0, "num_statements": 7, "percent_covered": 0.0, "percent_covered_display": "0", "missing_lines": 7, "excluded_lines": 0}, "missing_lines": [158, 159, 161, 162, 163, 164, 165], "excluded_lines": []}, "": {"executed_lines": [], "summary": {"covered_lines": 0, "num_statements": 17, "percent_covered": 0.0, "percent_covered_display": "0", "missing_lines": 17, "excluded_lines": 0}, "missing_lines": [5, 6, 7, 9, 10, 13, 16, 19, 23, 33, 39, 58, 85, 104, 128, 148, 169], "excluded_lines": []}}, "classes": {"RedisClient": {"executed_lines": [], "summary": {"covered_lines": 0, "num_statements": 50, "percent_covered": 0.0, "percent_covered_display": "0", "missing_lines": 50, "excluded_lines": 0}, "missing_lines": [21, 25, 31, 35, 36, 37, 49, 50, 52, 53, 54, 55, 56, 75, 76, 78, 79, 80, 81, 82, 83, 95, 96, 97, 98, 99, 100, 101, 102, 121, 122, 123, 124, 125, 126, 138, 139, 141, 142, 143, 144, 145, 146, 158, 159, 161, 162, 163, 164, 165], "excluded_lines": []}, "": {"executed_lines": [], "summary": {"covered_lines": 0, "num_statements": 17, "percent_covered": 0.0, "percent_covered_display": "0", "missing_lines": 17, "excluded_lines": 0}, "missing_lines": [5, 6, 7, 9, 10, 13, 16, 19, 23, 33, 39, 58, 85, 104, 128, 148, 169], "excluded_lines": []}}}, "src/infrastructure/database/__init__.py": {"executed_lines": [], "summary": {"covered_lines": 0, "num_statements": 3, "percent_covered": 0.0, "percent_covered_display": "0", "missing_lines": 3, "excluded_lines": 0}, "missing_lines": [5, 6, 8], "excluded_lines": [], "functions": {"": {"executed_lines": [], "summary": {"covered_lines": 0, "num_statements": 3, "percent_covered": 0.0, "percent_covered_display": "0", "missing_lines": 3, "excluded_lines": 0}, "missing_lines": [5, 6, 8], "excluded_lines": []}}, "classes": {"": {"executed_lines": [], "summary": {"covered_lines": 0, "num_statements": 3, "percent_covered": 0.0, "percent_covered_display": "0", "missing_lines": 3, "excluded_lines": 0}, "missing_lines": [5, 6, 8], "excluded_lines": []}}}, "src/infrastructure/database/connection.py": {"executed_lines": [], "summary": {"covered_lines": 0, "num_statements": 26, "percent_covered": 0.0, "percent_covered_display": "0", "missing_lines": 26, "excluded_lines": 0}, "missing_lines": [5, 6, 11, 13, 14, 17, 21, 30, 38, 41, 48, 49, 50, 51, 52, 53, 54, 55, 57, 60, 62, 63, 64, 67, 69, 70], "excluded_lines": [], "functions": {"get_session": {"executed_lines": [], "summary": {"covered_lines": 0, "num_statements": 9, "percent_covered": 0.0, "percent_covered_display": "0", "missing_lines": 9, "excluded_lines": 0}, "missing_lines": [48, 49, 50, 51, 52, 53, 54, 55, 57], "excluded_lines": []}, "init_db": {"executed_lines": [], "summary": {"covered_lines": 0, "num_statements": 3, "percent_covered": 0.0, "percent_covered_display": "0", "missing_lines": 3, "excluded_lines": 0}, "missing_lines": [62, 63, 64], "excluded_lines": []}, "close_db": {"executed_lines": [], "summary": {"covered_lines": 0, "num_statements": 2, "percent_covered": 0.0, "percent_covered_display": "0", "missing_lines": 2, "excluded_lines": 0}, "missing_lines": [69, 70], "excluded_lines": []}, "": {"executed_lines": [], "summary": {"covered_lines": 0, "num_statements": 12, "percent_covered": 0.0, "percent_covered_display": "0", "missing_lines": 12, "excluded_lines": 0}, "missing_lines": [5, 6, 11, 13, 14, 17, 21, 30, 38, 41, 60, 67], "excluded_lines": []}}, "classes": {"": {"executed_lines": [], "summary": {"covered_lines": 0, "num_statements": 26, "percent_covered": 0.0, "percent_covered_display": "0", "missing_lines": 26, "excluded_lines": 0}, "missing_lines": [5, 6, 11, 13, 14, 17, 21, 30, 38, 41, 48, 49, 50, 51, 52, 53, 54, 55, 57, 60, 62, 63, 64, 67, 69, 70], "excluded_lines": []}}}, "src/infrastructure/database/models.py": {"executed_lines": [], "summary": {"covered_lines": 0, "num_statements": 55, "percent_covered": 0.0, "percent_covered_display": "0", "missing_lines": 55, "excluded_lines": 0}, "missing_lines": [5, 6, 9, 11, 14, 17, 19, 20, 21, 22, 23, 24, 25, 26, 27, 28, 29, 30, 31, 32, 35, 38, 40, 41, 42, 43, 44, 45, 46, 47, 48, 49, 50, 53, 56, 58, 59, 60, 61, 62, 63, 64, 65, 66, 69, 72, 74, 75, 76, 77, 78, 79, 80, 81, 82], "excluded_lines": [], "functions": {"": {"executed_lines": [], "summary": {"covered_lines": 0, "num_statements": 55, "percent_covered": 0.0, "percent_covered_display": "0", "missing_lines": 55, "excluded_lines": 0}, "missing_lines": [5, 6, 9, 11, 14, 17, 19, 20, 21, 22, 23, 24, 25, 26, 27, 28, 29, 30, 31, 32, 35, 38, 40, 41, 42, 43, 44, 45, 46, 47, 48, 49, 50, 53, 56, 58, 59, 60, 61, 62, 63, 64, 65, 66, 69, 72, 74, 75, 76, 77, 78, 79, 80, 81, 82], "excluded_lines": []}}, "classes": {"PostModel": {"executed_lines": [], "summary": {"covered_lines": 0, "num_statements": 0, "percent_covered": 100.0, "percent_covered_display": "100", "missing_lines": 0, "excluded_lines": 0}, "missing_lines": [], "excluded_lines": []}, "UserProfileModel": {"executed_lines": [], "summary": {"covered_lines": 0, "num_statements": 0, "percent_covered": 100.0, "percent_covered_display": "100", "missing_lines": 0, "excluded_lines": 0}, "missing_lines": [], "excluded_lines": []}, "TravelPlanModel": {"executed_lines": [], "summary": {"covered_lines": 0, "num_statements": 0, "percent_covered": 100.0, "percent_covered_display": "100", "missing_lines": 0, "excluded_lines": 0}, "missing_lines": [], "excluded_lines": []}, "CollectionTaskModel": {"executed_lines": [], "summary": {"covered_lines": 0, "num_statements": 0, "percent_covered": 100.0, "percent_covered_display": "100", "missing_lines": 0, "excluded_lines": 0}, "missing_lines": [], "excluded_lines": []}, "": {"executed_lines": [], "summary": {"covered_lines": 0, "num_statements": 55, "percent_covered": 0.0, "percent_covered_display": "0", "missing_lines": 55, "excluded_lines": 0}, "missing_lines": [5, 6, 9, 11, 14, 17, 19, 20, 21, 22, 23, 24, 25, 26, 27, 28, 29, 30, 31, 32, 35, 38, 40, 41, 42, 43, 44, 45, 46, 47, 48, 49, 50, 53, 56, 58, 59, 60, 61, 62, 63, 64, 65, 66, 69, 72, 74, 75, 76, 77, 78, 79, 80, 81, 82], "excluded_lines": []}}}, "src/infrastructure/external/__init__.py": {"executed_lines": [1], "summary": {"covered_lines": 0, "num_statements": 0, "percent_covered": 100.0, "percent_covered_display": "100", "missing_lines": 0, "excluded_lines": 0}, "missing_lines": [], "excluded_lines": [], "functions": {"": {"executed_lines": [1], "summary": {"covered_lines": 0, "num_statements": 0, "percent_covered": 100.0, "percent_covered_display": "100", "missing_lines": 0, "excluded_lines": 0}, "missing_lines": [], "excluded_lines": []}}, "classes": {"": {"executed_lines": [1], "summary": {"covered_lines": 0, "num_statements": 0, "percent_covered": 100.0, "percent_covered_display": "100", "missing_lines": 0, "excluded_lines": 0}, "missing_lines": [], "excluded_lines": []}}}, "src/infrastructure/external/ai/__init__.py": {"executed_lines": [1, 5, 7], "summary": {"covered_lines": 2, "num_statements": 2, "percent_covered": 100.0, "percent_covered_display": "100", "missing_lines": 0, "excluded_lines": 0}, "missing_lines": [], "excluded_lines": [], "functions": {"": {"executed_lines": [1, 5, 7], "summary": {"covered_lines": 2, "num_statements": 2, "percent_covered": 100.0, "percent_covered_display": "100", "missing_lines": 0, "excluded_lines": 0}, "missing_lines": [], "excluded_lines": []}}, "classes": {"": {"executed_lines": [1, 5, 7], "summary": {"covered_lines": 2, "num_statements": 2, "percent_covered": 100.0, "percent_covered_display": "100", "missing_lines": 0, "excluded_lines": 0}, "missing_lines": [], "excluded_lines": []}}}, "src/infrastructure/external/ai/gemini_client.py": {"executed_lines": [1, 5, 6, 8, 9, 12, 15, 16, 18, 32, 33, 34, 37, 38, 43, 48, 63, 65, 66, 67, 68, 71, 72, 74, 75, 76, 78, 96, 97, 109, 110, 113, 115, 116, 117, 118, 121, 123, 124, 125, 127, 137, 141, 147, 149, 159, 163, 169, 171, 186, 187, 200, 202, 204, 205], "summary": {"covered_lines": 53, "num_statements": 56, "percent_covered": 94.64285714285714, "percent_covered_display": "95", "missing_lines": 3, "excluded_lines": 0}, "missing_lines": [45, 46, 119], "excluded_lines": [], "functions": {"GeminiClient.__init__": {"executed_lines": [32, 33, 34, 37, 38, 43], "summary": {"covered_lines": 6, "num_statements": 8, "percent_covered": 75.0, "percent_covered_display": "75", "missing_lines": 2, "excluded_lines": 0}, "missing_lines": [45, 46], "excluded_lines": []}, "GeminiClient.chat": {"executed_lines": [63, 65, 66, 67, 68, 71, 72, 74, 75, 76], "summary": {"covered_lines": 10, "num_statements": 10, "percent_covered": 100.0, "percent_covered_display": "100", "missing_lines": 0, "excluded_lines": 0}, "missing_lines": [], "excluded_lines": []}, "GeminiClient.extract_structured_data": {"executed_lines": [96, 97, 109, 110, 113, 115, 116, 117, 118, 121, 123, 124, 125], "summary": {"covered_lines": 13, "num_statements": 14, "percent_covered": 92.85714285714286, "percent_covered_display": "93", "missing_lines": 1, "excluded_lines": 0}, "missing_lines": [119], "excluded_lines": []}, "GeminiClient.extract_attractions": {"executed_lines": [137, 141, 147], "summary": {"covered_lines": 3, "num_statements": 3, "percent_covered": 100.0, "percent_covered_display": "100", "missing_lines": 0, "excluded_lines": 0}, "missing_lines": [], "excluded_lines": []}, "GeminiClient.extract_restaurants": {"executed_lines": [159, 163, 169], "summary": {"covered_lines": 3, "num_statements": 3, "percent_covered": 100.0, "percent_covered_display": "100", "missing_lines": 0, "excluded_lines": 0}, "missing_lines": [], "excluded_lines": []}, "GeminiClient.summarize_guides": {"executed_lines": [186, 187, 200], "summary": {"covered_lines": 3, "num_statements": 3, "percent_covered": 100.0, "percent_covered_display": "100", "missing_lines": 0, "excluded_lines": 0}, "missing_lines": [], "excluded_lines": []}, "GeminiClient._format_schema": {"executed_lines": [204, 205], "summary": {"covered_lines": 2, "num_statements": 2, "percent_covered": 100.0, "percent_covered_display": "100", "missing_lines": 0, "excluded_lines": 0}, "missing_lines": [], "excluded_lines": []}, "": {"executed_lines": [1, 5, 6, 8, 9, 12, 15, 16, 18, 48, 78, 127, 149, 171, 202], "summary": {"covered_lines": 13, "num_statements": 13, "percent_covered": 100.0, "percent_covered_display": "100", "missing_lines": 0, "excluded_lines": 0}, "missing_lines": [], "excluded_lines": []}}, "classes": {"GeminiClient": {"executed_lines": [32, 33, 34, 37, 38, 43, 63, 65, 66, 67, 68, 71, 72, 74, 75, 76, 96, 97, 109, 110, 113, 115, 116, 117, 118, 121, 123, 124, 125, 137, 141, 147, 159, 163, 169, 186, 187, 200, 204, 205], "summary": {"covered_lines": 40, "num_statements": 43, "percent_covered": 93.02325581395348, "percent_covered_display": "93", "missing_lines": 3, "excluded_lines": 0}, "missing_lines": [45, 46, 119], "excluded_lines": []}, "": {"executed_lines": [1, 5, 6, 8, 9, 12, 15, 16, 18, 48, 78, 127, 149, 171, 202], "summary": {"covered_lines": 13, "num_statements": 13, "percent_covered": 100.0, "percent_covered_display": "100", "missing_lines": 0, "excluded_lines": 0}, "missing_lines": [], "excluded_lines": []}}}, "src/infrastructure/external/xiaohongshu/__init__.py": {"executed_lines": [1, 8, 10], "summary": {"covered_lines": 2, "num_statements": 2, "percent_covered": 100.0, "percent_covered_display": "100", "missing_lines": 0, "excluded_lines": 0}, "missing_lines": [], "excluded_lines": [], "functions": {"": {"executed_lines": [1, 8, 10], "summary": {"covered_lines": 2, "num_statements": 2, "percent_covered": 100.0, "percent_covered_display": "100", "missing_lines": 0, "excluded_lines": 0}, "missing_lines": [], "excluded_lines": []}}, "classes": {"": {"executed_lines": [1, 8, 10], "summary": {"covered_lines": 2, "num_statements": 2, "percent_covered": 100.0, "percent_covered_display": "100", "missing_lines": 0, "excluded_lines": 0}, "missing_lines": [], "excluded_lines": []}}}, "src/infrastructure/external/xiaohongshu/collector.py": {"executed_lines": [1, 29, 35, 38, 41, 42, 43, 44, 45, 46, 49, 52, 53, 77, 156, 198, 262, 340, 478, 488, 537, 626, 702], "summary": {"covered_lines": 21, "num_statements": 169, "percent_covered": 12.42603550295858, "percent_covered_display": "12", "missing_lines": 148, "excluded_lines": 1}, "missing_lines": [119, 120, 121, 122, 123, 128, 146, 150, 153, 154, 179, 180, 181, 182, 183, 184, 185, 188, 189, 190, 191, 192, 193, 194, 196, 225, 227, 246, 253, 254, 256, 257, 260, 297, 299, 320, 327, 330, 331, 332, 333, 334, 335, 337, 338, 391, 392, 393, 422, 429, 432, 433, 434, 435, 436, 437, 439, 440, 441, 442, 443, 445, 448, 449, 450, 457, 459, 460, 461, 462, 464, 466, 467, 468, 474, 476, 480, 482, 483, 484, 485, 486, 517, 519, 521, 522, 523, 524, 525, 526, 529, 534, 535, 541, 542, 545, 546, 547, 549, 550, 551, 552, 553, 554, 555, 556, 557, 558, 560, 562, 565, 566, 567, 570, 573, 574, 575, 582, 583, 585, 588, 589, 590, 600, 601, 602, 603, 605, 606, 607, 611, 612, 613, 614, 615, 617, 618, 619, 620, 623, 679, 680, 683, 684, 685, 691, 699, 703], "excluded_lines": [263], "functions": {"XiaohongshuCollector.__init__": {"executed_lines": [], "summary": {"covered_lines": 0, "num_statements": 10, "percent_covered": 0.0, "percent_covered_display": "0", "missing_lines": 10, "excluded_lines": 0}, "missing_lines": [119, 120, 121, 122, 123, 128, 146, 150, 153, 154], "excluded_lines": []}, "XiaohongshuCollector.extract_json_from_text": {"executed_lines": [], "summary": {"covered_lines": 0, "num_statements": 15, "percent_covered": 0.0, "percent_covered_display": "0", "missing_lines": 15, "excluded_lines": 0}, "missing_lines": [179, 180, 181, 182, 183, 184, 185, 188, 189, 190, 191, 192, 193, 194, 196], "excluded_lines": []}, "XiaohongshuCollector.scout_posts": {"executed_lines": [], "summary": {"covered_lines": 0, "num_statements": 8, "percent_covered": 0.0, "percent_covered_display": "0", "missing_lines": 8, "excluded_lines": 0}, "missing_lines": [225, 227, 246, 253, 254, 256, 257, 260], "excluded_lines": []}, "XiaohongshuCollector.collect_post_list": {"executed_lines": [], "summary": {"covered_lines": 0, "num_statements": 12, "percent_covered": 0.0, "percent_covered_display": "0", "missing_lines": 12, "excluded_lines": 1}, "missing_lines": [297, 299, 320, 327, 330, 331, 332, 333, 334, 335, 337, 338], "excluded_lines": [263]}, "XiaohongshuCollector.collect_single_post": {"executed_lines": [], "summary": {"covered_lines": 0, "num_statements": 31, "percent_covered": 0.0, "percent_covered_display": "0", "missing_lines": 31, "excluded_lines": 0}, "missing_lines": [391, 392, 393, 422, 429, 432, 433, 434, 435, 436, 437, 439, 440, 441, 442, 443, 445, 448, 449, 450, 457, 459, 460, 461, 462, 464, 466, 467, 468, 474, 476], "excluded_lines": []}, "XiaohongshuCollector.collect_posts_sequential": {"executed_lines": [], "summary": {"covered_lines": 0, "num_statements": 6, "percent_covered": 0.0, "percent_covered_display": "0", "missing_lines": 6, "excluded_lines": 0}, "missing_lines": [480, 482, 483, 484, 485, 486], "excluded_lines": []}, "XiaohongshuCollector.collect_posts_concurrent": {"executed_lines": [], "summary": {"covered_lines": 0, "num_statements": 6, "percent_covered": 0.0, "percent_covered_display": "0", "missing_lines": 6, "excluded_lines": 0}, "missing_lines": [517, 519, 521, 529, 534, 535], "excluded_lines": []}, "XiaohongshuCollector.collect_posts_concurrent.collect_with_semaphore": {"executed_lines": [], "summary": {"covered_lines": 0, "num_statements": 5, "percent_covered": 0.0, "percent_covered_display": "0", "missing_lines": 5, "excluded_lines": 0}, "missing_lines": [522, 523, 524, 525, 526], "excluded_lines": []}, "XiaohongshuCollector.collect_posts": {"executed_lines": [], "summary": {"covered_lines": 0, "num_statements": 47, "percent_covered": 0.0, "percent_covered_display": "0", "missing_lines": 47, "excluded_lines": 0}, "missing_lines": [541, 542, 545, 546, 547, 549, 550, 551, 552, 553, 554, 555, 556, 557, 558, 560, 562, 565, 566, 567, 570, 573, 574, 575, 582, 583, 585, 588, 589, 590, 600, 601, 602, 603, 605, 606, 607, 611, 612, 613, 614, 615, 617, 618, 619, 620, 623], "excluded_lines": []}, "main": {"executed_lines": [], "summary": {"covered_lines": 0, "num_statements": 7, "percent_covered": 0.0, "percent_covered_display": "0", "missing_lines": 7, "excluded_lines": 0}, "missing_lines": [679, 680, 683, 684, 685, 691, 699], "excluded_lines": []}, "": {"executed_lines": [1, 29, 35, 38, 41, 42, 43, 44, 45, 46, 49, 52, 53, 77, 156, 198, 262, 340, 478, 488, 537, 626, 702], "summary": {"covered_lines": 21, "num_statements": 22, "percent_covered": 95.45454545454545, "percent_covered_display": "95", "missing_lines": 1, "excluded_lines": 0}, "missing_lines": [703], "excluded_lines": []}}, "classes": {"XiaohongshuCollector": {"executed_lines": [], "summary": {"covered_lines": 0, "num_statements": 140, "percent_covered": 0.0, "percent_covered_display": "0", "missing_lines": 140, "excluded_lines": 1}, "missing_lines": [119, 120, 121, 122, 123, 128, 146, 150, 153, 154, 179, 180, 181, 182, 183, 184, 185, 188, 189, 190, 191, 192, 193, 194, 196, 225, 227, 246, 253, 254, 256, 257, 260, 297, 299, 320, 327, 330, 331, 332, 333, 334, 335, 337, 338, 391, 392, 393, 422, 429, 432, 433, 434, 435, 436, 437, 439, 440, 441, 442, 443, 445, 448, 449, 450, 457, 459, 460, 461, 462, 464, 466, 467, 468, 474, 476, 480, 482, 483, 484, 485, 486, 517, 519, 521, 522, 523, 524, 525, 526, 529, 534, 535, 541, 542, 545, 546, 547, 549, 550, 551, 552, 553, 554, 555, 556, 557, 558, 560, 562, 565, 566, 567, 570, 573, 574, 575, 582, 583, 585, 588, 589, 590, 600, 601, 602, 603, 605, 606, 607, 611, 612, 613, 614, 615, 617, 618, 619, 620, 623], "excluded_lines": [263]}, "": {"executed_lines": [1, 29, 35, 38, 41, 42, 43, 44, 45, 46, 49, 52, 53, 77, 156, 198, 262, 340, 478, 488, 537, 626, 702], "summary": {"covered_lines": 21, "num_statements": 29, "percent_covered": 72.41379310344827, "percent_covered_display": "72", "missing_lines": 8, "excluded_lines": 0}, "missing_lines": [679, 680, 683, 684, 685, 691, 699, 703], "excluded_lines": []}}}, "src/infrastructure/utils/__init__.py": {"executed_lines": [1, 5, 6, 8], "summary": {"covered_lines": 3, "num_statements": 3, "percent_covered": 100.0, "percent_covered_display": "100", "missing_lines": 0, "excluded_lines": 0}, "missing_lines": [], "excluded_lines": [], "functions": {"": {"executed_lines": [1, 5, 6, 8], "summary": {"covered_lines": 3, "num_statements": 3, "percent_covered": 100.0, "percent_covered_display": "100", "missing_lines": 0, "excluded_lines": 0}, "missing_lines": [], "excluded_lines": []}}, "classes": {"": {"executed_lines": [1, 5, 6, 8], "summary": {"covered_lines": 3, "num_statements": 3, "percent_covered": 100.0, "percent_covered_display": "100", "missing_lines": 0, "excluded_lines": 0}, "missing_lines": [], "excluded_lines": []}}}, "src/infrastructure/utils/config.py": {"executed_lines": [1, 5, 6, 7, 8, 11, 12, 15, 16, 17, 18, 21, 22, 23, 26, 27, 28, 29, 32, 33, 36, 37, 38, 41, 42, 43, 46, 47, 50, 53, 54, 57, 58, 61, 62, 63, 64, 66, 67, 68, 69, 72, 73, 75, 79], "summary": {"covered_lines": 43, "num_statements": 43, "percent_covered": 100.0, "percent_covered_display": "100", "missing_lines": 0, "excluded_lines": 0}, "missing_lines": [], "excluded_lines": [], "functions": {"get_settings": {"executed_lines": [75], "summary": {"covered_lines": 1, "num_statements": 1, "percent_covered": 100.0, "percent_covered_display": "100", "missing_lines": 0, "excluded_lines": 0}, "missing_lines": [], "excluded_lines": []}, "": {"executed_lines": [1, 5, 6, 7, 8, 11, 12, 15, 16, 17, 18, 21, 22, 23, 26, 27, 28, 29, 32, 33, 36, 37, 38, 41, 42, 43, 46, 47, 50, 53, 54, 57, 58, 61, 62, 63, 64, 66, 67, 68, 69, 72, 73, 79], "summary": {"covered_lines": 42, "num_statements": 42, "percent_covered": 100.0, "percent_covered_display": "100", "missing_lines": 0, "excluded_lines": 0}, "missing_lines": [], "excluded_lines": []}}, "classes": {"Settings": {"executed_lines": [], "summary": {"covered_lines": 0, "num_statements": 0, "percent_covered": 100.0, "percent_covered_display": "100", "missing_lines": 0, "excluded_lines": 0}, "missing_lines": [], "excluded_lines": []}, "Settings.Config": {"executed_lines": [], "summary": {"covered_lines": 0, "num_statements": 0, "percent_covered": 100.0, "percent_covered_display": "100", "missing_lines": 0, "excluded_lines": 0}, "missing_lines": [], "excluded_lines": []}, "": {"executed_lines": [1, 5, 6, 7, 8, 11, 12, 15, 16, 17, 18, 21, 22, 23, 26, 27, 28, 29, 32, 33, 36, 37, 38, 41, 42, 43, 46, 47, 50, 53, 54, 57, 58, 61, 62, 63, 64, 66, 67, 68, 69, 72, 73, 75, 79], "summary": {"covered_lines": 43, "num_statements": 43, "percent_covered": 100.0, "percent_covered_display": "100", "missing_lines": 0, "excluded_lines": 0}, "missing_lines": [], "excluded_lines": []}}}, "src/infrastructure/utils/logger.py": {"executed_lines": [1, 5, 6, 7, 8, 11, 17, 18, 21, 22, 25, 27, 37, 38, 40, 44], "summary": {"covered_lines": 15, "num_statements": 16, "percent_covered": 93.75, "percent_covered_display": "94", "missing_lines": 1, "excluded_lines": 0}, "missing_lines": [33], "excluded_lines": [], "functions": {"setup_logger": {"executed_lines": [17, 18, 21, 22, 25, 27, 37, 38, 40], "summary": {"covered_lines": 9, "num_statements": 10, "percent_covered": 90.0, "percent_covered_display": "90", "missing_lines": 1, "excluded_lines": 0}, "missing_lines": [33], "excluded_lines": []}, "": {"executed_lines": [1, 5, 6, 7, 8, 11, 44], "summary": {"covered_lines": 6, "num_statements": 6, "percent_covered": 100.0, "percent_covered_display": "100", "missing_lines": 0, "excluded_lines": 0}, "missing_lines": [], "excluded_lines": []}}, "classes": {"": {"executed_lines": [1, 5, 6, 7, 8, 11, 17, 18, 21, 22, 25, 27, 37, 38, 40, 44], "summary": {"covered_lines": 15, "num_statements": 16, "percent_covered": 93.75, "percent_covered_display": "94", "missing_lines": 1, "excluded_lines": 0}, "missing_lines": [33], "excluded_lines": []}}}, "src/shared/__init__.py": {"executed_lines": [], "summary": {"covered_lines": 0, "num_statements": 0, "percent_covered": 100.0, "percent_covered_display": "100", "missing_lines": 0, "excluded_lines": 0}, "missing_lines": [], "excluded_lines": [], "functions": {"": {"executed_lines": [], "summary": {"covered_lines": 0, "num_statements": 0, "percent_covered": 100.0, "percent_covered_display": "100", "missing_lines": 0, "excluded_lines": 0}, "missing_lines": [], "excluded_lines": []}}, "classes": {"": {"executed_lines": [], "summary": {"covered_lines": 0, "num_statements": 0, "percent_covered": 100.0, "percent_covered_display": "100", "missing_lines": 0, "excluded_lines": 0}, "missing_lines": [], "excluded_lines": []}}}, "src/shared/constants.py": {"executed_lines": [], "summary": {"covered_lines": 0, "num_statements": 13, "percent_covered": 0.0, "percent_covered_display": "0", "missing_lines": 13, "excluded_lines": 0}, "missing_lines": [6, 7, 10, 11, 14, 15, 16, 19, 20, 23, 24, 27, 28], "excluded_lines": [], "functions": {"": {"executed_lines": [], "summary": {"covered_lines": 0, "num_statements": 13, "percent_covered": 0.0, "percent_covered_display": "0", "missing_lines": 13, "excluded_lines": 0}, "missing_lines": [6, 7, 10, 11, 14, 15, 16, 19, 20, 23, 24, 27, 28], "excluded_lines": []}}, "classes": {"": {"executed_lines": [], "summary": {"covered_lines": 0, "num_statements": 13, "percent_covered": 0.0, "percent_covered_display": "0", "missing_lines": 13, "excluded_lines": 0}, "missing_lines": [6, 7, 10, 11, 14, 15, 16, 19, 20, 23, 24, 27, 28], "excluded_lines": []}}}, "src/shared/exceptions.py": {"executed_lines": [], "summary": {"covered_lines": 0, "num_statements": 22, "percent_covered": 0.0, "percent_covered_display": "0", "missing_lines": 22, "excluded_lines": 0}, "missing_lines": [6, 9, 10, 11, 12, 15, 18, 19, 22, 25, 26, 27, 30, 33, 34, 37, 40, 41, 44, 47, 48, 49], "excluded_lines": [], "functions": {"AppException.__init__": {"executed_lines": [], "summary": {"covered_lines": 0, "num_statements": 3, "percent_covered": 0.0, "percent_covered_display": "0", "missing_lines": 3, "excluded_lines": 0}, "missing_lines": [10, 11, 12], "excluded_lines": []}, "ValidationError.__init__": {"executed_lines": [], "summary": {"covered_lines": 0, "num_statements": 1, "percent_covered": 0.0, "percent_covered_display": "0", "missing_lines": 1, "excluded_lines": 0}, "missing_lines": [19], "excluded_lines": []}, "NotFoundError.__init__": {"executed_lines": [], "summary": {"covered_lines": 0, "num_statements": 2, "percent_covered": 0.0, "percent_covered_display": "0", "missing_lines": 2, "excluded_lines": 0}, "missing_lines": [26, 27], "excluded_lines": []}, "CollectionError.__init__": {"executed_lines": [], "summary": {"covered_lines": 0, "num_statements": 1, "percent_covered": 0.0, "percent_covered_display": "0", "missing_lines": 1, "excluded_lines": 0}, "missing_lines": [34], "excluded_lines": []}, "AIError.__init__": {"executed_lines": [], "summary": {"covered_lines": 0, "num_statements": 1, "percent_covered": 0.0, "percent_covered_display": "0", "missing_lines": 1, "excluded_lines": 0}, "missing_lines": [41], "excluded_lines": []}, "ExternalServiceError.__init__": {"executed_lines": [], "summary": {"covered_lines": 0, "num_statements": 2, "percent_covered": 0.0, "percent_covered_display": "0", "missing_lines": 2, "excluded_lines": 0}, "missing_lines": [48, 49], "excluded_lines": []}, "": {"executed_lines": [], "summary": {"covered_lines": 0, "num_statements": 12, "percent_covered": 0.0, "percent_covered_display": "0", "missing_lines": 12, "excluded_lines": 0}, "missing_lines": [6, 9, 15, 18, 22, 25, 30, 33, 37, 40, 44, 47], "excluded_lines": []}}, "classes": {"AppException": {"executed_lines": [], "summary": {"covered_lines": 0, "num_statements": 3, "percent_covered": 0.0, "percent_covered_display": "0", "missing_lines": 3, "excluded_lines": 0}, "missing_lines": [10, 11, 12], "excluded_lines": []}, "ValidationError": {"executed_lines": [], "summary": {"covered_lines": 0, "num_statements": 1, "percent_covered": 0.0, "percent_covered_display": "0", "missing_lines": 1, "excluded_lines": 0}, "missing_lines": [19], "excluded_lines": []}, "NotFoundError": {"executed_lines": [], "summary": {"covered_lines": 0, "num_statements": 2, "percent_covered": 0.0, "percent_covered_display": "0", "missing_lines": 2, "excluded_lines": 0}, "missing_lines": [26, 27], "excluded_lines": []}, "CollectionError": {"executed_lines": [], "summary": {"covered_lines": 0, "num_statements": 1, "percent_covered": 0.0, "percent_covered_display": "0", "missing_lines": 1, "excluded_lines": 0}, "missing_lines": [34], "excluded_lines": []}, "AIError": {"executed_lines": [], "summary": {"covered_lines": 0, "num_statements": 1, "percent_covered": 0.0, "percent_covered_display": "0", "missing_lines": 1, "excluded_lines": 0}, "missing_lines": [41], "excluded_lines": []}, "ExternalServiceError": {"executed_lines": [], "summary": {"covered_lines": 0, "num_statements": 2, "percent_covered": 0.0, "percent_covered_display": "0", "missing_lines": 2, "excluded_lines": 0}, "missing_lines": [48, 49], "excluded_lines": []}, "": {"executed_lines": [], "summary": {"covered_lines": 0, "num_statements": 12, "percent_covered": 0.0, "percent_covered_display": "0", "missing_lines": 12, "excluded_lines": 0}, "missing_lines": [6, 9, 15, 18, 22, 25, 30, 33, 37, 40, 44, 47], "excluded_lines": []}}}, "src/shared/types.py": {"executed_lines": [], "summary": {"covered_lines": 0, "num_statements": 23, "percent_covered": 0.0, "percent_covered_display": "0", "missing_lines": 23, "excluded_lines": 0}, "missing_lines": [5, 6, 10, 13, 16, 23, 24, 25, 26, 28, 29, 30, 33, 35, 36, 37, 38, 39, 42, 44, 45, 46, 47], "excluded_lines": [], "functions": {"PaginatedResponse.__init__": {"executed_lines": [], "summary": {"covered_lines": 0, "num_statements": 4, "percent_covered": 0.0, "percent_covered_display": "0", "missing_lines": 4, "excluded_lines": 0}, "missing_lines": [23, 24, 25, 26], "excluded_lines": []}, "PaginatedResponse.total_pages": {"executed_lines": [], "summary": {"covered_lines": 0, "num_statements": 1, "percent_covered": 0.0, "percent_covered_display": "0", "missing_lines": 1, "excluded_lines": 0}, "missing_lines": [30], "excluded_lines": []}, "": {"executed_lines": [], "summary": {"covered_lines": 0, "num_statements": 18, "percent_covered": 0.0, "percent_covered_display": "0", "missing_lines": 18, "excluded_lines": 0}, "missing_lines": [5, 6, 10, 13, 16, 28, 29, 33, 35, 36, 37, 38, 39, 42, 44, 45, 46, 47], "excluded_lines": []}}, "classes": {"PaginatedResponse": {"executed_lines": [], "summary": {"covered_lines": 0, "num_statements": 5, "percent_covered": 0.0, "percent_covered_display": "0", "missing_lines": 5, "excluded_lines": 0}, "missing_lines": [23, 24, 25, 26, 30], "excluded_lines": []}, "TaskStatus": {"executed_lines": [], "summary": {"covered_lines": 0, "num_statements": 0, "percent_covered": 100.0, "percent_covered_display": "100", "missing_lines": 0, "excluded_lines": 0}, "missing_lines": [], "excluded_lines": []}, "ContentType": {"executed_lines": [], "summary": {"covered_lines": 0, "num_statements": 0, "percent_covered": 100.0, "percent_covered_display": "100", "missing_lines": 0, "excluded_lines": 0}, "missing_lines": [], "excluded_lines": []}, "": {"executed_lines": [], "summary": {"covered_lines": 0, "num_statements": 18, "percent_covered": 0.0, "percent_covered_display": "0", "missing_lines": 18, "excluded_lines": 0}, "missing_lines": [5, 6, 10, 13, 16, 28, 29, 33, 35, 36, 37, 38, 39, 42, 44, 45, 46, 47], "excluded_lines": []}}}}, "totals": {"covered_lines": 431, "num_statements": 816, "percent_covered": 52.818627450980394, "percent_covered_display": "53", "missing_lines": 385, "excluded_lines": 23}}